TN:
SF:lib/src/core/models/character_model.dart
FNF:0
FNH:0
DA:11,4
DA:20,1
DA:21,1
DA:22,2
DA:23,2
DA:24,2
DA:26,6
DA:28,6
DA:30,6
LF:9
LH:9
end_of_record
TN:
SF:lib/src/core/models/comic_model.dart
FNF:0
FNH:0
DA:6,3
DA:12,1
DA:13,1
DA:15,6
DA:17,6
DA:19,6
LF:6
LH:6
end_of_record
TN:
SF:lib/src/core/repositories/get_characters_repository.dart
FNF:0
FNH:0
DA:16,1
DA:19,1
DA:24,3
DA:25,1
DA:28,3
DA:29,3
DA:30,1
DA:31,1
DA:33,2
LF:9
LH:9
end_of_record
TN:
SF:lib/src/core/repositories/get_comics_repository.dart
FNF:0
FNH:0
DA:13,1
DA:16,1
DA:19,4
DA:20,3
DA:21,3
DA:22,1
DA:23,1
DA:25,2
LF:8
LH:8
end_of_record
TN:
SF:lib/src/core/use_cases/get_characters_use_case.dart
FNF:0
FNH:0
DA:12,1
DA:15,1
DA:19,2
LF:3
LH:3
end_of_record
TN:
SF:lib/src/core/use_cases/get_comics_use_case.dart
FNF:0
FNH:0
DA:12,1
DA:14,1
DA:16,2
LF:3
LH:3
end_of_record
TN:
SF:lib/src/ui/modules/characters/detail/detail_character_cubit.dart
FNF:0
FNH:0
DA:8,2
DA:10,1
DA:11,1
DA:12,3
DA:13,1
DA:14,3
DA:16,4
LF:7
LH:7
end_of_record
TN:
SF:lib/src/ui/modules/characters/detail/detail_character_page.dart
FNF:0
FNH:0
DA:13,1
DA:16,1
DA:18,1
DA:19,1
DA:25,1
DA:27,1
DA:28,5
DA:31,1
DA:33,1
DA:34,1
DA:36,4
DA:38,1
DA:39,1
DA:40,1
DA:41,1
DA:44,1
DA:45,1
DA:46,1
DA:47,3
DA:54,1
DA:56,1
DA:57,1
DA:58,1
DA:59,1
DA:60,4
DA:68,1
DA:69,1
DA:70,1
DA:71,1
DA:72,1
DA:73,2
DA:76,1
DA:77,2
DA:91,1
DA:92,4
DA:95,3
DA:98,1
DA:99,1
DA:107,1
DA:109,2
DA:110,1
DA:111,1
DA:114,1
DA:115,1
DA:116,1
DA:117,1
DA:126,1
LF:47
LH:47
end_of_record
TN:
SF:lib/src/ui/modules/characters/list/list_characters_cubit.dart
FNF:0
FNH:0
DA:12,2
DA:14,1
DA:15,2
DA:16,1
DA:18,3
DA:19,1
DA:20,1
DA:22,1
DA:23,3
DA:24,3
DA:26,4
LF:11
LH:11
end_of_record
TN:
SF:lib/src/ui/modules/characters/list/list_characters_page.dart
FNF:0
FNH:0
DA:11,1
DA:13,0
DA:15,1
DA:16,1
DA:24,1
DA:26,1
DA:27,2
DA:28,2
DA:30,0
DA:32,0
DA:33,0
DA:34,0
DA:35,0
DA:37,0
DA:38,0
DA:39,0
DA:40,0
DA:41,0
DA:48,1
DA:50,1
DA:51,1
DA:57,1
DA:58,1
DA:59,1
DA:60,1
DA:61,1
DA:62,2
DA:66,1
DA:67,1
DA:77,1
DA:78,1
DA:79,1
DA:80,3
DA:81,1
DA:82,3
DA:83,1
DA:84,0
DA:85,0
DA:86,0
DA:87,0
DA:88,0
DA:92,1
DA:97,1
DA:101,1
DA:102,0
DA:103,0
DA:104,0
DA:105,0
DA:106,0
DA:112,1
DA:113,2
DA:118,1
DA:119,1
DA:120,1
DA:122,1
DA:123,1
DA:128,1
DA:129,2
DA:137,0
DA:138,0
DA:139,0
LF:61
LH:37
end_of_record
